<?xml version="1.0" encoding="UTF-8"?>
<!-- Generated by org.testng.reporters.JUnitReportReporter -->
<testsuite hostname="LAPTOP-H6GR4PVD" failures="0" tests="2" name="tests.Product_Test" time="42.708" errors="0" timestamp="2020-09-17T15:59:03 IST" skipped="0">
  <testcase classname="tests.Product_Test" name="RemoveProductFromCart_TC" time="20.654"/>
  <system-out/>
  <testcase classname="tests.Product_Test" name="addProductToCart_TC" time="22.054"/>
  <system-out/>
</testsuite> <!-- tests.Product_Test -->
