<?xml version="1.0" encoding="UTF-8"?>
<!-- Generated by org.testng.reporters.JUnitReportReporter -->
<testsuite hostname="LAPTOP-H6GR4PVD" failures="0" tests="1" name="tests.Cart_Test" time="21.142" errors="0" timestamp="2020-09-17T15:59:03 IST" skipped="0">
  <testcase classname="tests.Cart_Test" name="checkout_TC" time="21.142"/>
  <system-out/>
</testsuite> <!-- tests.Cart_Test -->
