<?xml version="1.0" encoding="UTF-8"?>
<!-- Generated by org.testng.reporters.JUnitReportReporter -->
<testsuite hostname="LAPTOP-H6GR4PVD" failures="0" tests="2" name="tests.Login_Test" time="32.995" errors="0" timestamp="2020-09-17T15:59:03 IST" skipped="0">
  <testcase classname="tests.Login_Test" name="loginSuccessful_TC" time="19.223"/>
  <system-out/>
  <testcase classname="tests.Login_Test" name="logoutSuccessful_TC" time="13.772"/>
  <system-out/>
</testsuite> <!-- tests.Login_Test -->
