<?xml version="1.0" encoding="UTF-8"?>
<!-- Generated by org.testng.reporters.JUnitReportReporter -->
<testsuite hostname="LAPTOP-H6GR4PVD" failures="0" tests="1" name="tests.TestCodeClass" time="17.624" errors="0" timestamp="2020-09-07T17:34:43 IST" skipped="0">
  <testcase classname="tests.TestCodeClass" name="code" time="17.624"/>
  <system-out/>
</testsuite> <!-- tests.TestCodeClass -->
